2023-08-16 23:53:27,996  INFO [main] Set Up Completed:55 - Set Up Ended
 2023-08-16 23:53:28,028  INFO [main] AddNewCustomer:63 - AddNewCustomerTest Started
 2023-08-16 23:53:44,319  INFO [main] Added New customer:106 - 32269
 2023-08-16 23:53:52,246  INFO [main] Set Up Completed:55 - Set Up Ended
 2023-08-16 23:53:54,010  INFO [main] EditNewCustomer:123 - EditCustomer Started
 2023-08-16 23:53:59,858  INFO [main] EditCustomer Success:135 - 32269
 2023-08-17 15:10:09,522  INFO [main] Set Up Completed:61 - Set Up Ended
 2023-08-17 15:10:09,556  INFO [main] AddNewCustomer:63 - AddNewCustomerTest Started
 2023-08-17 15:10:25,303  INFO [main] Added New customer:106 - 8832
 2023-08-17 15:10:31,305  INFO [main] Set Up Completed:61 - Set Up Ended
 2023-08-17 15:10:32,879  INFO [main] EditNewCustomer:123 - EditCustomer Started
 2023-08-17 15:10:35,738  INFO [main] EditCustomer Success:135 - 8832
 2023-08-17 15:10:42,054  INFO [main] Set Up Completed:61 - Set Up Ended
 2023-08-17 15:10:42,060  INFO [main] Add Account:18 - Account add started
 2023-08-17 15:10:46,920  INFO [main] Added New new Account for the customer:37 - 8832:125797
 2023-08-17 15:10:53,182  INFO [main] Set Up Completed:61 - Set Up Ended
 2023-08-17 15:10:53,193  INFO [main] Edit Account:48 - Edit account started
 2023-08-17 15:10:57,796 DEBUG [main] cache:45 - Couldn't find template in cache for "spark/spark.spa.ftl"("en_SG", UTF-8, parsed); will try to load it.
 2023-08-17 15:10:57,799 DEBUG [main] cache:45 - TemplateLoader.findTemplateSource("spark/spark.spa_en_SG.ftl"): Not found
 2023-08-17 15:10:57,801 DEBUG [main] cache:45 - TemplateLoader.findTemplateSource("spark/spark.spa_en.ftl"): Not found
 2023-08-17 15:10:57,803 DEBUG [main] cache:45 - TemplateLoader.findTemplateSource("spark/spark.spa.ftl"): Found
 2023-08-17 15:10:57,804 DEBUG [main] cache:45 - Loading template for "spark/spark.spa.ftl"("en_SG", UTF-8, parsed) from "jar:file:/C:/Users/Lenovo/.m2/repository/com/aventstack/extentreports/5.1.0/extentreports-5.1.0.jar!/com/aventstack/extentreports/templates/spark/spark.spa.ftl"
 2023-08-17 15:10:57,894 DEBUG [main] cache:45 - Couldn't find template in cache for "commons/commons-variables.ftl"("en_SG", UTF-8, parsed); will try to load it.
 2023-08-17 15:10:57,895 DEBUG [main] cache:45 - TemplateLoader.findTemplateSource("commons/commons-variables_en_SG.ftl"): Not found
 2023-08-17 15:10:57,896 DEBUG [main] cache:45 - TemplateLoader.findTemplateSource("commons/commons-variables_en.ftl"): Not found
 2023-08-17 15:10:57,897 DEBUG [main] cache:45 - TemplateLoader.findTemplateSource("commons/commons-variables.ftl"): Found
 2023-08-17 15:10:57,898 DEBUG [main] cache:45 - Loading template for "commons/commons-variables.ftl"("en_SG", UTF-8, parsed) from "jar:file:/C:/Users/Lenovo/.m2/repository/com/aventstack/extentreports/5.1.0/extentreports-5.1.0.jar!/com/aventstack/extentreports/templates/commons/commons-variables.ftl"
 2023-08-17 15:10:58,093 DEBUG [main] cache:45 - Couldn't find template in cache for "commons/commons-macros.ftl"("en_SG", UTF-8, parsed); will try to load it.
 2023-08-17 15:10:58,094 DEBUG [main] cache:45 - TemplateLoader.findTemplateSource("commons/commons-macros_en_SG.ftl"): Not found
 2023-08-17 15:10:58,096 DEBUG [main] cache:45 - TemplateLoader.findTemplateSource("commons/commons-macros_en.ftl"): Not found
 2023-08-17 15:10:58,097 DEBUG [main] cache:45 - TemplateLoader.findTemplateSource("commons/commons-macros.ftl"): Found
 2023-08-17 15:10:58,098 DEBUG [main] cache:45 - Loading template for "commons/commons-macros.ftl"("en_SG", UTF-8, parsed) from "jar:file:/C:/Users/Lenovo/.m2/repository/com/aventstack/extentreports/5.1.0/extentreports-5.1.0.jar!/com/aventstack/extentreports/templates/commons/commons-macros.ftl"
 2023-08-17 15:10:58,105 DEBUG [main] cache:45 - Couldn't find template in cache for "spark/macros/attributes.ftl"("en_SG", UTF-8, parsed); will try to load it.
 2023-08-17 15:10:58,107 DEBUG [main] cache:45 - TemplateLoader.findTemplateSource("spark/macros/attributes_en_SG.ftl"): Not found
 2023-08-17 15:10:58,108 DEBUG [main] cache:45 - TemplateLoader.findTemplateSource("spark/macros/attributes_en.ftl"): Not found
 2023-08-17 15:10:58,110 DEBUG [main] cache:45 - TemplateLoader.findTemplateSource("spark/macros/attributes.ftl"): Found
 2023-08-17 15:10:58,110 DEBUG [main] cache:45 - Loading template for "spark/macros/attributes.ftl"("en_SG", UTF-8, parsed) from "jar:file:/C:/Users/Lenovo/.m2/repository/com/aventstack/extentreports/5.1.0/extentreports-5.1.0.jar!/com/aventstack/extentreports/templates/spark/macros/attributes.ftl"
 2023-08-17 15:10:58,114 DEBUG [main] cache:45 - Couldn't find template in cache for "spark/macros/log.ftl"("en_SG", UTF-8, parsed); will try to load it.
 2023-08-17 15:10:58,116 DEBUG [main] cache:45 - TemplateLoader.findTemplateSource("spark/macros/log_en_SG.ftl"): Not found
 2023-08-17 15:10:58,118 DEBUG [main] cache:45 - TemplateLoader.findTemplateSource("spark/macros/log_en.ftl"): Not found
 2023-08-17 15:10:58,120 DEBUG [main] cache:45 - TemplateLoader.findTemplateSource("spark/macros/log.ftl"): Found
 2023-08-17 15:10:58,121 DEBUG [main] cache:45 - Loading template for "spark/macros/log.ftl"("en_SG", UTF-8, parsed) from "jar:file:/C:/Users/Lenovo/.m2/repository/com/aventstack/extentreports/5.1.0/extentreports-5.1.0.jar!/com/aventstack/extentreports/templates/spark/macros/log.ftl"
 2023-08-17 15:10:58,126 DEBUG [main] cache:45 - Couldn't find template in cache for "spark/macros/recurse_nodes.ftl"("en_SG", UTF-8, parsed); will try to load it.
 2023-08-17 15:10:58,127 DEBUG [main] cache:45 - TemplateLoader.findTemplateSource("spark/macros/recurse_nodes_en_SG.ftl"): Not found
 2023-08-17 15:10:58,129 DEBUG [main] cache:45 - TemplateLoader.findTemplateSource("spark/macros/recurse_nodes_en.ftl"): Not found
 2023-08-17 15:10:58,131 DEBUG [main] cache:45 - TemplateLoader.findTemplateSource("spark/macros/recurse_nodes.ftl"): Found
 2023-08-17 15:10:58,132 DEBUG [main] cache:45 - Loading template for "spark/macros/recurse_nodes.ftl"("en_SG", UTF-8, parsed) from "jar:file:/C:/Users/Lenovo/.m2/repository/com/aventstack/extentreports/5.1.0/extentreports-5.1.0.jar!/com/aventstack/extentreports/templates/spark/macros/recurse_nodes.ftl"
 2023-08-17 15:10:58,138 DEBUG [main] cache:45 - "spark/macros/log.ftl"("en_SG", UTF-8, parsed) cached copy not yet stale; using cached.
 2023-08-17 15:10:58,139 DEBUG [main] cache:45 - Couldn't find template in cache for "spark/macros/attr-common.ftl"("en_SG", UTF-8, parsed); will try to load it.
 2023-08-17 15:10:58,140 DEBUG [main] cache:45 - TemplateLoader.findTemplateSource("spark/macros/attr-common_en_SG.ftl"): Not found
 2023-08-17 15:10:58,142 DEBUG [main] cache:45 - TemplateLoader.findTemplateSource("spark/macros/attr-common_en.ftl"): Not found
 2023-08-17 15:10:58,143 DEBUG [main] cache:45 - TemplateLoader.findTemplateSource("spark/macros/attr-common.ftl"): Found
 2023-08-17 15:10:58,144 DEBUG [main] cache:45 - Loading template for "spark/macros/attr-common.ftl"("en_SG", UTF-8, parsed) from "jar:file:/C:/Users/Lenovo/.m2/repository/com/aventstack/extentreports/5.1.0/extentreports-5.1.0.jar!/com/aventstack/extentreports/templates/spark/macros/attr-common.ftl"
 2023-08-17 15:10:58,160 DEBUG [main] cache:45 - Couldn't find template in cache for "spark/partials/head.ftl"("en_SG", UTF-8, parsed); will try to load it.
 2023-08-17 15:10:58,162 DEBUG [main] cache:45 - TemplateLoader.findTemplateSource("spark/partials/head_en_SG.ftl"): Not found
 2023-08-17 15:10:58,163 DEBUG [main] cache:45 - TemplateLoader.findTemplateSource("spark/partials/head_en.ftl"): Not found
 2023-08-17 15:10:58,164 DEBUG [main] cache:45 - TemplateLoader.findTemplateSource("spark/partials/head.ftl"): Found
 2023-08-17 15:10:58,165 DEBUG [main] cache:45 - Loading template for "spark/partials/head.ftl"("en_SG", UTF-8, parsed) from "jar:file:/C:/Users/Lenovo/.m2/repository/com/aventstack/extentreports/5.1.0/extentreports-5.1.0.jar!/com/aventstack/extentreports/templates/spark/partials/head.ftl"
 2023-08-17 15:10:58,171 DEBUG [main] cache:45 - Couldn't find template in cache for "commons/commons-inject-css.ftl"("en_SG", UTF-8, parsed); will try to load it.
 2023-08-17 15:10:58,172 DEBUG [main] cache:45 - TemplateLoader.findTemplateSource("commons/commons-inject-css_en_SG.ftl"): Not found
 2023-08-17 15:10:58,173 DEBUG [main] cache:45 - TemplateLoader.findTemplateSource("commons/commons-inject-css_en.ftl"): Not found
 2023-08-17 15:10:58,175 DEBUG [main] cache:45 - TemplateLoader.findTemplateSource("commons/commons-inject-css.ftl"): Found
 2023-08-17 15:10:58,175 DEBUG [main] cache:45 - Loading template for "commons/commons-inject-css.ftl"("en_SG", UTF-8, parsed) from "jar:file:/C:/Users/Lenovo/.m2/repository/com/aventstack/extentreports/5.1.0/extentreports-5.1.0.jar!/com/aventstack/extentreports/templates/commons/commons-inject-css.ftl"
 2023-08-17 15:10:58,177 DEBUG [main] cache:45 - Couldn't find template in cache for "spark/partials/navbar.ftl"("en_SG", UTF-8, parsed); will try to load it.
 2023-08-17 15:10:58,179 DEBUG [main] cache:45 - TemplateLoader.findTemplateSource("spark/partials/navbar_en_SG.ftl"): Not found
 2023-08-17 15:10:58,179 DEBUG [main] cache:45 - TemplateLoader.findTemplateSource("spark/partials/navbar_en.ftl"): Not found
 2023-08-17 15:10:58,180 DEBUG [main] cache:45 - TemplateLoader.findTemplateSource("spark/partials/navbar.ftl"): Found
 2023-08-17 15:10:58,180 DEBUG [main] cache:45 - Loading template for "spark/partials/navbar.ftl"("en_SG", UTF-8, parsed) from "jar:file:/C:/Users/Lenovo/.m2/repository/com/aventstack/extentreports/5.1.0/extentreports-5.1.0.jar!/com/aventstack/extentreports/templates/spark/partials/navbar.ftl"
 2023-08-17 15:10:58,194 DEBUG [main] cache:45 - Couldn't find template in cache for "spark/partials/sidenav.ftl"("en_SG", UTF-8, parsed); will try to load it.
 2023-08-17 15:10:58,195 DEBUG [main] cache:45 - TemplateLoader.findTemplateSource("spark/partials/sidenav_en_SG.ftl"): Not found
 2023-08-17 15:10:58,196 DEBUG [main] cache:45 - TemplateLoader.findTemplateSource("spark/partials/sidenav_en.ftl"): Not found
 2023-08-17 15:10:58,198 DEBUG [main] cache:45 - TemplateLoader.findTemplateSource("spark/partials/sidenav.ftl"): Found
 2023-08-17 15:10:58,198 DEBUG [main] cache:45 - Loading template for "spark/partials/sidenav.ftl"("en_SG", UTF-8, parsed) from "jar:file:/C:/Users/Lenovo/.m2/repository/com/aventstack/extentreports/5.1.0/extentreports-5.1.0.jar!/com/aventstack/extentreports/templates/spark/partials/sidenav.ftl"
 2023-08-17 15:10:58,218 DEBUG [main] cache:45 - Couldn't find template in cache for "spark/partials/test.ftl"("en_SG", UTF-8, parsed); will try to load it.
 2023-08-17 15:10:58,219 DEBUG [main] cache:45 - TemplateLoader.findTemplateSource("spark/partials/test_en_SG.ftl"): Not found
 2023-08-17 15:10:58,220 DEBUG [main] cache:45 - TemplateLoader.findTemplateSource("spark/partials/test_en.ftl"): Not found
 2023-08-17 15:10:58,222 DEBUG [main] cache:45 - TemplateLoader.findTemplateSource("spark/partials/test.ftl"): Found
 2023-08-17 15:10:58,222 DEBUG [main] cache:45 - Loading template for "spark/partials/test.ftl"("en_SG", UTF-8, parsed) from "jar:file:/C:/Users/Lenovo/.m2/repository/com/aventstack/extentreports/5.1.0/extentreports-5.1.0.jar!/com/aventstack/extentreports/templates/spark/partials/test.ftl"
 2023-08-17 15:10:58,250 DEBUG [main] cache:45 - Couldn't find template in cache for "spark/partials/standard-content.ftl"("en_SG", UTF-8, parsed); will try to load it.
 2023-08-17 15:10:58,252 DEBUG [main] cache:45 - TemplateLoader.findTemplateSource("spark/partials/standard-content_en_SG.ftl"): Not found
 2023-08-17 15:10:58,253 DEBUG [main] cache:45 - TemplateLoader.findTemplateSource("spark/partials/standard-content_en.ftl"): Not found
 2023-08-17 15:10:58,255 DEBUG [main] cache:45 - TemplateLoader.findTemplateSource("spark/partials/standard-content.ftl"): Found
 2023-08-17 15:10:58,256 DEBUG [main] cache:45 - Loading template for "spark/partials/standard-content.ftl"("en_SG", UTF-8, parsed) from "jar:file:/C:/Users/Lenovo/.m2/repository/com/aventstack/extentreports/5.1.0/extentreports-5.1.0.jar!/com/aventstack/extentreports/templates/spark/partials/standard-content.ftl"
 2023-08-17 15:10:58,266 DEBUG [main] cache:45 - "spark/partials/standard-content.ftl"("en_SG", UTF-8, parsed) cached copy not yet stale; using cached.
 2023-08-17 15:10:58,267 DEBUG [main] cache:45 - "spark/partials/standard-content.ftl"("en_SG", UTF-8, parsed) cached copy not yet stale; using cached.
 2023-08-17 15:10:58,270 DEBUG [main] cache:45 - "spark/partials/standard-content.ftl"("en_SG", UTF-8, parsed) cached copy not yet stale; using cached.
 2023-08-17 15:10:58,271 DEBUG [main] cache:45 - Couldn't find template in cache for "spark/partials/exception.ftl"("en_SG", UTF-8, parsed); will try to load it.
 2023-08-17 15:10:58,273 DEBUG [main] cache:45 - TemplateLoader.findTemplateSource("spark/partials/exception_en_SG.ftl"): Not found
 2023-08-17 15:10:58,275 DEBUG [main] cache:45 - TemplateLoader.findTemplateSource("spark/partials/exception_en.ftl"): Not found
 2023-08-17 15:10:58,276 DEBUG [main] cache:45 - TemplateLoader.findTemplateSource("spark/partials/exception.ftl"): Found
 2023-08-17 15:10:58,277 DEBUG [main] cache:45 - Loading template for "spark/partials/exception.ftl"("en_SG", UTF-8, parsed) from "jar:file:/C:/Users/Lenovo/.m2/repository/com/aventstack/extentreports/5.1.0/extentreports-5.1.0.jar!/com/aventstack/extentreports/templates/spark/partials/exception.ftl"
 2023-08-17 15:10:58,280 DEBUG [main] cache:45 - Couldn't find template in cache for "spark/partials/category.ftl"("en_SG", UTF-8, parsed); will try to load it.
 2023-08-17 15:10:58,282 DEBUG [main] cache:45 - TemplateLoader.findTemplateSource("spark/partials/category_en_SG.ftl"): Not found
 2023-08-17 15:10:58,283 DEBUG [main] cache:45 - TemplateLoader.findTemplateSource("spark/partials/category_en.ftl"): Not found
 2023-08-17 15:10:58,284 DEBUG [main] cache:45 - TemplateLoader.findTemplateSource("spark/partials/category.ftl"): Found
 2023-08-17 15:10:58,285 DEBUG [main] cache:45 - Loading template for "spark/partials/category.ftl"("en_SG", UTF-8, parsed) from "jar:file:/C:/Users/Lenovo/.m2/repository/com/aventstack/extentreports/5.1.0/extentreports-5.1.0.jar!/com/aventstack/extentreports/templates/spark/partials/category.ftl"
 2023-08-17 15:10:58,288 DEBUG [main] cache:45 - Couldn't find template in cache for "spark/partials/device.ftl"("en_SG", UTF-8, parsed); will try to load it.
 2023-08-17 15:10:58,290 DEBUG [main] cache:45 - TemplateLoader.findTemplateSource("spark/partials/device_en_SG.ftl"): Not found
 2023-08-17 15:10:58,292 DEBUG [main] cache:45 - TemplateLoader.findTemplateSource("spark/partials/device_en.ftl"): Not found
 2023-08-17 15:10:58,293 DEBUG [main] cache:45 - TemplateLoader.findTemplateSource("spark/partials/device.ftl"): Found
 2023-08-17 15:10:58,294 DEBUG [main] cache:45 - Loading template for "spark/partials/device.ftl"("en_SG", UTF-8, parsed) from "jar:file:/C:/Users/Lenovo/.m2/repository/com/aventstack/extentreports/5.1.0/extentreports-5.1.0.jar!/com/aventstack/extentreports/templates/spark/partials/device.ftl"
 2023-08-17 15:10:58,297 DEBUG [main] cache:45 - Couldn't find template in cache for "spark/partials/author.ftl"("en_SG", UTF-8, parsed); will try to load it.
 2023-08-17 15:10:58,298 DEBUG [main] cache:45 - TemplateLoader.findTemplateSource("spark/partials/author_en_SG.ftl"): Not found
 2023-08-17 15:10:58,300 DEBUG [main] cache:45 - TemplateLoader.findTemplateSource("spark/partials/author_en.ftl"): Not found
 2023-08-17 15:10:58,302 DEBUG [main] cache:45 - TemplateLoader.findTemplateSource("spark/partials/author.ftl"): Found
 2023-08-17 15:10:58,303 DEBUG [main] cache:45 - Loading template for "spark/partials/author.ftl"("en_SG", UTF-8, parsed) from "jar:file:/C:/Users/Lenovo/.m2/repository/com/aventstack/extentreports/5.1.0/extentreports-5.1.0.jar!/com/aventstack/extentreports/templates/spark/partials/author.ftl"
 2023-08-17 15:10:58,306 DEBUG [main] cache:45 - Couldn't find template in cache for "spark/partials/log.ftl"("en_SG", UTF-8, parsed); will try to load it.
 2023-08-17 15:10:58,308 DEBUG [main] cache:45 - TemplateLoader.findTemplateSource("spark/partials/log_en_SG.ftl"): Not found
 2023-08-17 15:10:58,310 DEBUG [main] cache:45 - TemplateLoader.findTemplateSource("spark/partials/log_en.ftl"): Not found
 2023-08-17 15:10:58,312 DEBUG [main] cache:45 - TemplateLoader.findTemplateSource("spark/partials/log.ftl"): Found
 2023-08-17 15:10:58,313 DEBUG [main] cache:45 - Loading template for "spark/partials/log.ftl"("en_SG", UTF-8, parsed) from "jar:file:/C:/Users/Lenovo/.m2/repository/com/aventstack/extentreports/5.1.0/extentreports-5.1.0.jar!/com/aventstack/extentreports/templates/spark/partials/log.ftl"
 2023-08-17 15:10:58,317 DEBUG [main] cache:45 - Couldn't find template in cache for "spark/partials/dashboard.ftl"("en_SG", UTF-8, parsed); will try to load it.
 2023-08-17 15:10:58,318 DEBUG [main] cache:45 - TemplateLoader.findTemplateSource("spark/partials/dashboard_en_SG.ftl"): Not found
 2023-08-17 15:10:58,320 DEBUG [main] cache:45 - TemplateLoader.findTemplateSource("spark/partials/dashboard_en.ftl"): Not found
 2023-08-17 15:10:58,321 DEBUG [main] cache:45 - TemplateLoader.findTemplateSource("spark/partials/dashboard.ftl"): Found
 2023-08-17 15:10:58,322 DEBUG [main] cache:45 - Loading template for "spark/partials/dashboard.ftl"("en_SG", UTF-8, parsed) from "jar:file:/C:/Users/Lenovo/.m2/repository/com/aventstack/extentreports/5.1.0/extentreports-5.1.0.jar!/com/aventstack/extentreports/templates/spark/partials/dashboard.ftl"
 2023-08-17 15:10:58,389 DEBUG [main] cache:45 - Couldn't find template in cache for "spark/partials/scripts.ftl"("en_SG", UTF-8, parsed); will try to load it.
 2023-08-17 15:10:58,391 DEBUG [main] cache:45 - TemplateLoader.findTemplateSource("spark/partials/scripts_en_SG.ftl"): Not found
 2023-08-17 15:10:58,392 DEBUG [main] cache:45 - TemplateLoader.findTemplateSource("spark/partials/scripts_en.ftl"): Not found
 2023-08-17 15:10:58,394 DEBUG [main] cache:45 - TemplateLoader.findTemplateSource("spark/partials/scripts.ftl"): Found
 2023-08-17 15:10:58,395 DEBUG [main] cache:45 - Loading template for "spark/partials/scripts.ftl"("en_SG", UTF-8, parsed) from "jar:file:/C:/Users/Lenovo/.m2/repository/com/aventstack/extentreports/5.1.0/extentreports-5.1.0.jar!/com/aventstack/extentreports/templates/spark/partials/scripts.ftl"
 2023-08-17 15:10:58,397 DEBUG [main] cache:45 - Couldn't find template in cache for "commons/commons-inject-js.ftl"("en_SG", UTF-8, parsed); will try to load it.
 2023-08-17 15:10:58,398 DEBUG [main] cache:45 - TemplateLoader.findTemplateSource("commons/commons-inject-js_en_SG.ftl"): Not found
 2023-08-17 15:10:58,400 DEBUG [main] cache:45 - TemplateLoader.findTemplateSource("commons/commons-inject-js_en.ftl"): Not found
 2023-08-17 15:10:58,402 DEBUG [main] cache:45 - TemplateLoader.findTemplateSource("commons/commons-inject-js.ftl"): Found
 2023-08-17 15:10:58,402 DEBUG [main] cache:45 - Loading template for "commons/commons-inject-js.ftl"("en_SG", UTF-8, parsed) from "jar:file:/C:/Users/Lenovo/.m2/repository/com/aventstack/extentreports/5.1.0/extentreports-5.1.0.jar!/com/aventstack/extentreports/templates/commons/commons-inject-js.ftl"
 2023-08-17 15:13:28,698  INFO [main] Set Up Completed:61 - Set Up Ended
 2023-08-17 15:13:28,727  INFO [main] AddNewCustomer:63 - AddNewCustomerTest Started
 2023-08-17 15:13:40,805  INFO [main] Set Up Completed:61 - Set Up Ended
 2023-08-17 15:13:42,697  INFO [main] EditNewCustomer:123 - EditCustomer Started
 2023-08-17 15:13:50,517  INFO [main] Set Up Completed:61 - Set Up Ended
 2023-08-17 15:13:50,530  INFO [main] Add Account:18 - Account add started
 2023-08-17 15:14:00,204  INFO [main] Set Up Completed:61 - Set Up Ended
 2023-08-17 15:14:00,221  INFO [main] Edit Account:48 - Edit account started
 2023-08-17 15:14:04,810 DEBUG [main] cache:45 - Couldn't find template in cache for "spark/spark.spa.ftl"("en_SG", UTF-8, parsed); will try to load it.
 2023-08-17 15:14:04,813 DEBUG [main] cache:45 - TemplateLoader.findTemplateSource("spark/spark.spa_en_SG.ftl"): Not found
 2023-08-17 15:14:04,817 DEBUG [main] cache:45 - TemplateLoader.findTemplateSource("spark/spark.spa_en.ftl"): Not found
 2023-08-17 15:14:04,820 DEBUG [main] cache:45 - TemplateLoader.findTemplateSource("spark/spark.spa.ftl"): Found
 2023-08-17 15:14:04,821 DEBUG [main] cache:45 - Loading template for "spark/spark.spa.ftl"("en_SG", UTF-8, parsed) from "jar:file:/C:/Users/Lenovo/.m2/repository/com/aventstack/extentreports/5.1.0/extentreports-5.1.0.jar!/com/aventstack/extentreports/templates/spark/spark.spa.ftl"
 2023-08-17 15:14:04,926 DEBUG [main] cache:45 - Couldn't find template in cache for "commons/commons-variables.ftl"("en_SG", UTF-8, parsed); will try to load it.
 2023-08-17 15:14:04,928 DEBUG [main] cache:45 - TemplateLoader.findTemplateSource("commons/commons-variables_en_SG.ftl"): Not found
 2023-08-17 15:14:04,929 DEBUG [main] cache:45 - TemplateLoader.findTemplateSource("commons/commons-variables_en.ftl"): Not found
 2023-08-17 15:14:04,931 DEBUG [main] cache:45 - TemplateLoader.findTemplateSource("commons/commons-variables.ftl"): Found
 2023-08-17 15:14:04,932 DEBUG [main] cache:45 - Loading template for "commons/commons-variables.ftl"("en_SG", UTF-8, parsed) from "jar:file:/C:/Users/Lenovo/.m2/repository/com/aventstack/extentreports/5.1.0/extentreports-5.1.0.jar!/com/aventstack/extentreports/templates/commons/commons-variables.ftl"
 2023-08-17 15:14:05,132 DEBUG [main] cache:45 - Couldn't find template in cache for "commons/commons-macros.ftl"("en_SG", UTF-8, parsed); will try to load it.
 2023-08-17 15:14:05,133 DEBUG [main] cache:45 - TemplateLoader.findTemplateSource("commons/commons-macros_en_SG.ftl"): Not found
 2023-08-17 15:14:05,135 DEBUG [main] cache:45 - TemplateLoader.findTemplateSource("commons/commons-macros_en.ftl"): Not found
 2023-08-17 15:14:05,136 DEBUG [main] cache:45 - TemplateLoader.findTemplateSource("commons/commons-macros.ftl"): Found
 2023-08-17 15:14:05,137 DEBUG [main] cache:45 - Loading template for "commons/commons-macros.ftl"("en_SG", UTF-8, parsed) from "jar:file:/C:/Users/Lenovo/.m2/repository/com/aventstack/extentreports/5.1.0/extentreports-5.1.0.jar!/com/aventstack/extentreports/templates/commons/commons-macros.ftl"
 2023-08-17 15:14:05,145 DEBUG [main] cache:45 - Couldn't find template in cache for "spark/macros/attributes.ftl"("en_SG", UTF-8, parsed); will try to load it.
 2023-08-17 15:14:05,147 DEBUG [main] cache:45 - TemplateLoader.findTemplateSource("spark/macros/attributes_en_SG.ftl"): Not found
 2023-08-17 15:14:05,148 DEBUG [main] cache:45 - TemplateLoader.findTemplateSource("spark/macros/attributes_en.ftl"): Not found
 2023-08-17 15:14:05,149 DEBUG [main] cache:45 - TemplateLoader.findTemplateSource("spark/macros/attributes.ftl"): Found
 2023-08-17 15:14:05,150 DEBUG [main] cache:45 - Loading template for "spark/macros/attributes.ftl"("en_SG", UTF-8, parsed) from "jar:file:/C:/Users/Lenovo/.m2/repository/com/aventstack/extentreports/5.1.0/extentreports-5.1.0.jar!/com/aventstack/extentreports/templates/spark/macros/attributes.ftl"
 2023-08-17 15:14:05,154 DEBUG [main] cache:45 - Couldn't find template in cache for "spark/macros/log.ftl"("en_SG", UTF-8, parsed); will try to load it.
 2023-08-17 15:14:05,155 DEBUG [main] cache:45 - TemplateLoader.findTemplateSource("spark/macros/log_en_SG.ftl"): Not found
 2023-08-17 15:14:05,156 DEBUG [main] cache:45 - TemplateLoader.findTemplateSource("spark/macros/log_en.ftl"): Not found
 2023-08-17 15:14:05,158 DEBUG [main] cache:45 - TemplateLoader.findTemplateSource("spark/macros/log.ftl"): Found
 2023-08-17 15:14:05,158 DEBUG [main] cache:45 - Loading template for "spark/macros/log.ftl"("en_SG", UTF-8, parsed) from "jar:file:/C:/Users/Lenovo/.m2/repository/com/aventstack/extentreports/5.1.0/extentreports-5.1.0.jar!/com/aventstack/extentreports/templates/spark/macros/log.ftl"
 2023-08-17 15:14:05,162 DEBUG [main] cache:45 - Couldn't find template in cache for "spark/macros/recurse_nodes.ftl"("en_SG", UTF-8, parsed); will try to load it.
 2023-08-17 15:14:05,163 DEBUG [main] cache:45 - TemplateLoader.findTemplateSource("spark/macros/recurse_nodes_en_SG.ftl"): Not found
 2023-08-17 15:14:05,165 DEBUG [main] cache:45 - TemplateLoader.findTemplateSource("spark/macros/recurse_nodes_en.ftl"): Not found
 2023-08-17 15:14:05,166 DEBUG [main] cache:45 - TemplateLoader.findTemplateSource("spark/macros/recurse_nodes.ftl"): Found
 2023-08-17 15:14:05,167 DEBUG [main] cache:45 - Loading template for "spark/macros/recurse_nodes.ftl"("en_SG", UTF-8, parsed) from "jar:file:/C:/Users/Lenovo/.m2/repository/com/aventstack/extentreports/5.1.0/extentreports-5.1.0.jar!/com/aventstack/extentreports/templates/spark/macros/recurse_nodes.ftl"
 2023-08-17 15:14:05,172 DEBUG [main] cache:45 - "spark/macros/log.ftl"("en_SG", UTF-8, parsed) cached copy not yet stale; using cached.
 2023-08-17 15:14:05,173 DEBUG [main] cache:45 - Couldn't find template in cache for "spark/macros/attr-common.ftl"("en_SG", UTF-8, parsed); will try to load it.
 2023-08-17 15:14:05,174 DEBUG [main] cache:45 - TemplateLoader.findTemplateSource("spark/macros/attr-common_en_SG.ftl"): Not found
 2023-08-17 15:14:05,176 DEBUG [main] cache:45 - TemplateLoader.findTemplateSource("spark/macros/attr-common_en.ftl"): Not found
 2023-08-17 15:14:05,178 DEBUG [main] cache:45 - TemplateLoader.findTemplateSource("spark/macros/attr-common.ftl"): Found
 2023-08-17 15:14:05,179 DEBUG [main] cache:45 - Loading template for "spark/macros/attr-common.ftl"("en_SG", UTF-8, parsed) from "jar:file:/C:/Users/Lenovo/.m2/repository/com/aventstack/extentreports/5.1.0/extentreports-5.1.0.jar!/com/aventstack/extentreports/templates/spark/macros/attr-common.ftl"
 2023-08-17 15:14:05,193 DEBUG [main] cache:45 - Couldn't find template in cache for "spark/partials/head.ftl"("en_SG", UTF-8, parsed); will try to load it.
 2023-08-17 15:14:05,195 DEBUG [main] cache:45 - TemplateLoader.findTemplateSource("spark/partials/head_en_SG.ftl"): Not found
 2023-08-17 15:14:05,197 DEBUG [main] cache:45 - TemplateLoader.findTemplateSource("spark/partials/head_en.ftl"): Not found
 2023-08-17 15:14:05,199 DEBUG [main] cache:45 - TemplateLoader.findTemplateSource("spark/partials/head.ftl"): Found
 2023-08-17 15:14:05,199 DEBUG [main] cache:45 - Loading template for "spark/partials/head.ftl"("en_SG", UTF-8, parsed) from "jar:file:/C:/Users/Lenovo/.m2/repository/com/aventstack/extentreports/5.1.0/extentreports-5.1.0.jar!/com/aventstack/extentreports/templates/spark/partials/head.ftl"
 2023-08-17 15:14:05,210 DEBUG [main] cache:45 - Couldn't find template in cache for "commons/commons-inject-css.ftl"("en_SG", UTF-8, parsed); will try to load it.
 2023-08-17 15:14:05,212 DEBUG [main] cache:45 - TemplateLoader.findTemplateSource("commons/commons-inject-css_en_SG.ftl"): Not found
 2023-08-17 15:14:05,213 DEBUG [main] cache:45 - TemplateLoader.findTemplateSource("commons/commons-inject-css_en.ftl"): Not found
 2023-08-17 15:14:05,214 DEBUG [main] cache:45 - TemplateLoader.findTemplateSource("commons/commons-inject-css.ftl"): Found
 2023-08-17 15:14:05,215 DEBUG [main] cache:45 - Loading template for "commons/commons-inject-css.ftl"("en_SG", UTF-8, parsed) from "jar:file:/C:/Users/Lenovo/.m2/repository/com/aventstack/extentreports/5.1.0/extentreports-5.1.0.jar!/com/aventstack/extentreports/templates/commons/commons-inject-css.ftl"
 2023-08-17 15:14:05,217 DEBUG [main] cache:45 - Couldn't find template in cache for "spark/partials/navbar.ftl"("en_SG", UTF-8, parsed); will try to load it.
 2023-08-17 15:14:05,219 DEBUG [main] cache:45 - TemplateLoader.findTemplateSource("spark/partials/navbar_en_SG.ftl"): Not found
 2023-08-17 15:14:05,220 DEBUG [main] cache:45 - TemplateLoader.findTemplateSource("spark/partials/navbar_en.ftl"): Not found
 2023-08-17 15:14:05,221 DEBUG [main] cache:45 - TemplateLoader.findTemplateSource("spark/partials/navbar.ftl"): Found
 2023-08-17 15:14:05,222 DEBUG [main] cache:45 - Loading template for "spark/partials/navbar.ftl"("en_SG", UTF-8, parsed) from "jar:file:/C:/Users/Lenovo/.m2/repository/com/aventstack/extentreports/5.1.0/extentreports-5.1.0.jar!/com/aventstack/extentreports/templates/spark/partials/navbar.ftl"
 2023-08-17 15:14:05,232 DEBUG [main] cache:45 - Couldn't find template in cache for "spark/partials/sidenav.ftl"("en_SG", UTF-8, parsed); will try to load it.
 2023-08-17 15:14:05,233 DEBUG [main] cache:45 - TemplateLoader.findTemplateSource("spark/partials/sidenav_en_SG.ftl"): Not found
 2023-08-17 15:14:05,234 DEBUG [main] cache:45 - TemplateLoader.findTemplateSource("spark/partials/sidenav_en.ftl"): Not found
 2023-08-17 15:14:05,235 DEBUG [main] cache:45 - TemplateLoader.findTemplateSource("spark/partials/sidenav.ftl"): Found
 2023-08-17 15:14:05,236 DEBUG [main] cache:45 - Loading template for "spark/partials/sidenav.ftl"("en_SG", UTF-8, parsed) from "jar:file:/C:/Users/Lenovo/.m2/repository/com/aventstack/extentreports/5.1.0/extentreports-5.1.0.jar!/com/aventstack/extentreports/templates/spark/partials/sidenav.ftl"
 2023-08-17 15:14:05,255 DEBUG [main] cache:45 - Couldn't find template in cache for "spark/partials/test.ftl"("en_SG", UTF-8, parsed); will try to load it.
 2023-08-17 15:14:05,256 DEBUG [main] cache:45 - TemplateLoader.findTemplateSource("spark/partials/test_en_SG.ftl"): Not found
 2023-08-17 15:14:05,257 DEBUG [main] cache:45 - TemplateLoader.findTemplateSource("spark/partials/test_en.ftl"): Not found
 2023-08-17 15:14:05,258 DEBUG [main] cache:45 - TemplateLoader.findTemplateSource("spark/partials/test.ftl"): Found
 2023-08-17 15:14:05,259 DEBUG [main] cache:45 - Loading template for "spark/partials/test.ftl"("en_SG", UTF-8, parsed) from "jar:file:/C:/Users/Lenovo/.m2/repository/com/aventstack/extentreports/5.1.0/extentreports-5.1.0.jar!/com/aventstack/extentreports/templates/spark/partials/test.ftl"
 2023-08-17 15:14:05,289 DEBUG [main] cache:45 - Couldn't find template in cache for "spark/partials/standard-content.ftl"("en_SG", UTF-8, parsed); will try to load it.
 2023-08-17 15:14:05,290 DEBUG [main] cache:45 - TemplateLoader.findTemplateSource("spark/partials/standard-content_en_SG.ftl"): Not found
 2023-08-17 15:14:05,292 DEBUG [main] cache:45 - TemplateLoader.findTemplateSource("spark/partials/standard-content_en.ftl"): Not found
 2023-08-17 15:14:05,293 DEBUG [main] cache:45 - TemplateLoader.findTemplateSource("spark/partials/standard-content.ftl"): Found
 2023-08-17 15:14:05,294 DEBUG [main] cache:45 - Loading template for "spark/partials/standard-content.ftl"("en_SG", UTF-8, parsed) from "jar:file:/C:/Users/Lenovo/.m2/repository/com/aventstack/extentreports/5.1.0/extentreports-5.1.0.jar!/com/aventstack/extentreports/templates/spark/partials/standard-content.ftl"
 2023-08-17 15:14:05,313 DEBUG [main] cache:45 - "spark/partials/standard-content.ftl"("en_SG", UTF-8, parsed) cached copy not yet stale; using cached.
 2023-08-17 15:14:05,317 DEBUG [main] cache:45 - "spark/partials/standard-content.ftl"("en_SG", UTF-8, parsed) cached copy not yet stale; using cached.
 2023-08-17 15:14:05,319 DEBUG [main] cache:45 - "spark/partials/standard-content.ftl"("en_SG", UTF-8, parsed) cached copy not yet stale; using cached.
 2023-08-17 15:14:05,321 DEBUG [main] cache:45 - Couldn't find template in cache for "spark/partials/exception.ftl"("en_SG", UTF-8, parsed); will try to load it.
 2023-08-17 15:14:05,322 DEBUG [main] cache:45 - TemplateLoader.findTemplateSource("spark/partials/exception_en_SG.ftl"): Not found
 2023-08-17 15:14:05,324 DEBUG [main] cache:45 - TemplateLoader.findTemplateSource("spark/partials/exception_en.ftl"): Not found
 2023-08-17 15:14:05,326 DEBUG [main] cache:45 - TemplateLoader.findTemplateSource("spark/partials/exception.ftl"): Found
 2023-08-17 15:14:05,327 DEBUG [main] cache:45 - Loading template for "spark/partials/exception.ftl"("en_SG", UTF-8, parsed) from "jar:file:/C:/Users/Lenovo/.m2/repository/com/aventstack/extentreports/5.1.0/extentreports-5.1.0.jar!/com/aventstack/extentreports/templates/spark/partials/exception.ftl"
 2023-08-17 15:14:05,329 DEBUG [main] cache:45 - Couldn't find template in cache for "spark/partials/category.ftl"("en_SG", UTF-8, parsed); will try to load it.
 2023-08-17 15:14:05,331 DEBUG [main] cache:45 - TemplateLoader.findTemplateSource("spark/partials/category_en_SG.ftl"): Not found
 2023-08-17 15:14:05,332 DEBUG [main] cache:45 - TemplateLoader.findTemplateSource("spark/partials/category_en.ftl"): Not found
 2023-08-17 15:14:05,334 DEBUG [main] cache:45 - TemplateLoader.findTemplateSource("spark/partials/category.ftl"): Found
 2023-08-17 15:14:05,334 DEBUG [main] cache:45 - Loading template for "spark/partials/category.ftl"("en_SG", UTF-8, parsed) from "jar:file:/C:/Users/Lenovo/.m2/repository/com/aventstack/extentreports/5.1.0/extentreports-5.1.0.jar!/com/aventstack/extentreports/templates/spark/partials/category.ftl"
 2023-08-17 15:14:05,337 DEBUG [main] cache:45 - Couldn't find template in cache for "spark/partials/device.ftl"("en_SG", UTF-8, parsed); will try to load it.
 2023-08-17 15:14:05,339 DEBUG [main] cache:45 - TemplateLoader.findTemplateSource("spark/partials/device_en_SG.ftl"): Not found
 2023-08-17 15:14:05,341 DEBUG [main] cache:45 - TemplateLoader.findTemplateSource("spark/partials/device_en.ftl"): Not found
 2023-08-17 15:14:05,342 DEBUG [main] cache:45 - TemplateLoader.findTemplateSource("spark/partials/device.ftl"): Found
 2023-08-17 15:14:05,343 DEBUG [main] cache:45 - Loading template for "spark/partials/device.ftl"("en_SG", UTF-8, parsed) from "jar:file:/C:/Users/Lenovo/.m2/repository/com/aventstack/extentreports/5.1.0/extentreports-5.1.0.jar!/com/aventstack/extentreports/templates/spark/partials/device.ftl"
 2023-08-17 15:14:05,345 DEBUG [main] cache:45 - Couldn't find template in cache for "spark/partials/author.ftl"("en_SG", UTF-8, parsed); will try to load it.
 2023-08-17 15:14:05,347 DEBUG [main] cache:45 - TemplateLoader.findTemplateSource("spark/partials/author_en_SG.ftl"): Not found
 2023-08-17 15:14:05,348 DEBUG [main] cache:45 - TemplateLoader.findTemplateSource("spark/partials/author_en.ftl"): Not found
 2023-08-17 15:14:05,348 DEBUG [main] cache:45 - TemplateLoader.findTemplateSource("spark/partials/author.ftl"): Found
 2023-08-17 15:14:05,349 DEBUG [main] cache:45 - Loading template for "spark/partials/author.ftl"("en_SG", UTF-8, parsed) from "jar:file:/C:/Users/Lenovo/.m2/repository/com/aventstack/extentreports/5.1.0/extentreports-5.1.0.jar!/com/aventstack/extentreports/templates/spark/partials/author.ftl"
 2023-08-17 15:14:05,352 DEBUG [main] cache:45 - Couldn't find template in cache for "spark/partials/log.ftl"("en_SG", UTF-8, parsed); will try to load it.
 2023-08-17 15:14:05,353 DEBUG [main] cache:45 - TemplateLoader.findTemplateSource("spark/partials/log_en_SG.ftl"): Not found
 2023-08-17 15:14:05,355 DEBUG [main] cache:45 - TemplateLoader.findTemplateSource("spark/partials/log_en.ftl"): Not found
 2023-08-17 15:14:05,356 DEBUG [main] cache:45 - TemplateLoader.findTemplateSource("spark/partials/log.ftl"): Found
 2023-08-17 15:14:05,357 DEBUG [main] cache:45 - Loading template for "spark/partials/log.ftl"("en_SG", UTF-8, parsed) from "jar:file:/C:/Users/Lenovo/.m2/repository/com/aventstack/extentreports/5.1.0/extentreports-5.1.0.jar!/com/aventstack/extentreports/templates/spark/partials/log.ftl"
 2023-08-17 15:14:05,360 DEBUG [main] cache:45 - Couldn't find template in cache for "spark/partials/dashboard.ftl"("en_SG", UTF-8, parsed); will try to load it.
 2023-08-17 15:14:05,362 DEBUG [main] cache:45 - TemplateLoader.findTemplateSource("spark/partials/dashboard_en_SG.ftl"): Not found
 2023-08-17 15:14:05,363 DEBUG [main] cache:45 - TemplateLoader.findTemplateSource("spark/partials/dashboard_en.ftl"): Not found
 2023-08-17 15:14:05,364 DEBUG [main] cache:45 - TemplateLoader.findTemplateSource("spark/partials/dashboard.ftl"): Found
 2023-08-17 15:14:05,365 DEBUG [main] cache:45 - Loading template for "spark/partials/dashboard.ftl"("en_SG", UTF-8, parsed) from "jar:file:/C:/Users/Lenovo/.m2/repository/com/aventstack/extentreports/5.1.0/extentreports-5.1.0.jar!/com/aventstack/extentreports/templates/spark/partials/dashboard.ftl"
 2023-08-17 15:14:05,441 DEBUG [main] cache:45 - Couldn't find template in cache for "spark/partials/scripts.ftl"("en_SG", UTF-8, parsed); will try to load it.
 2023-08-17 15:14:05,443 DEBUG [main] cache:45 - TemplateLoader.findTemplateSource("spark/partials/scripts_en_SG.ftl"): Not found
 2023-08-17 15:14:05,445 DEBUG [main] cache:45 - TemplateLoader.findTemplateSource("spark/partials/scripts_en.ftl"): Not found
 2023-08-17 15:14:05,447 DEBUG [main] cache:45 - TemplateLoader.findTemplateSource("spark/partials/scripts.ftl"): Found
 2023-08-17 15:14:05,447 DEBUG [main] cache:45 - Loading template for "spark/partials/scripts.ftl"("en_SG", UTF-8, parsed) from "jar:file:/C:/Users/Lenovo/.m2/repository/com/aventstack/extentreports/5.1.0/extentreports-5.1.0.jar!/com/aventstack/extentreports/templates/spark/partials/scripts.ftl"
 2023-08-17 15:14:05,450 DEBUG [main] cache:45 - Couldn't find template in cache for "commons/commons-inject-js.ftl"("en_SG", UTF-8, parsed); will try to load it.
 2023-08-17 15:14:05,451 DEBUG [main] cache:45 - TemplateLoader.findTemplateSource("commons/commons-inject-js_en_SG.ftl"): Not found
 2023-08-17 15:14:05,453 DEBUG [main] cache:45 - TemplateLoader.findTemplateSource("commons/commons-inject-js_en.ftl"): Not found
 2023-08-17 15:14:05,454 DEBUG [main] cache:45 - TemplateLoader.findTemplateSource("commons/commons-inject-js.ftl"): Found
 2023-08-17 15:14:05,455 DEBUG [main] cache:45 - Loading template for "commons/commons-inject-js.ftl"("en_SG", UTF-8, parsed) from "jar:file:/C:/Users/Lenovo/.m2/repository/com/aventstack/extentreports/5.1.0/extentreports-5.1.0.jar!/com/aventstack/extentreports/templates/commons/commons-inject-js.ftl"
 2023-08-25 17:07:24,396  INFO [main] Set Up Completed:60 - Set Up Ended
 2023-08-25 17:07:24,432  INFO [main] AddNewCustomer:63 - AddNewCustomerTest Started
 2023-08-25 17:07:42,372  INFO [main] Set Up Completed:60 - Set Up Ended
 2023-08-25 17:07:44,655  INFO [main] EditNewCustomer:123 - EditCustomer Started
 2023-08-25 17:07:55,699  INFO [main] Set Up Completed:60 - Set Up Ended
 2023-08-25 17:07:55,706  INFO [main] Add Account:18 - Account add started
 2023-08-25 17:07:58,455  INFO [main] nullAdd Account:27 - Add Accout link not found
 2023-08-25 17:08:05,727  INFO [main] Set Up Completed:60 - Set Up Ended
 2023-08-25 17:08:05,735  INFO [main] Edit Account:48 - Edit account started
 2023-08-25 17:08:11,113 DEBUG [main] cache:45 - Couldn't find template in cache for "spark/spark.spa.ftl"("en_SG", UTF-8, parsed); will try to load it.
 2023-08-25 17:08:11,115 DEBUG [main] cache:45 - TemplateLoader.findTemplateSource("spark/spark.spa_en_SG.ftl"): Not found
 2023-08-25 17:08:11,119 DEBUG [main] cache:45 - TemplateLoader.findTemplateSource("spark/spark.spa_en.ftl"): Not found
 2023-08-25 17:08:11,122 DEBUG [main] cache:45 - TemplateLoader.findTemplateSource("spark/spark.spa.ftl"): Found
 2023-08-25 17:08:11,123 DEBUG [main] cache:45 - Loading template for "spark/spark.spa.ftl"("en_SG", UTF-8, parsed) from "jar:file:/C:/Users/Lenovo/.m2/repository/com/aventstack/extentreports/5.1.0/extentreports-5.1.0.jar!/com/aventstack/extentreports/templates/spark/spark.spa.ftl"
 2023-08-25 17:08:11,231 DEBUG [main] cache:45 - Couldn't find template in cache for "commons/commons-variables.ftl"("en_SG", UTF-8, parsed); will try to load it.
 2023-08-25 17:08:11,233 DEBUG [main] cache:45 - TemplateLoader.findTemplateSource("commons/commons-variables_en_SG.ftl"): Not found
 2023-08-25 17:08:11,234 DEBUG [main] cache:45 - TemplateLoader.findTemplateSource("commons/commons-variables_en.ftl"): Not found
 2023-08-25 17:08:11,235 DEBUG [main] cache:45 - TemplateLoader.findTemplateSource("commons/commons-variables.ftl"): Found
 2023-08-25 17:08:11,236 DEBUG [main] cache:45 - Loading template for "commons/commons-variables.ftl"("en_SG", UTF-8, parsed) from "jar:file:/C:/Users/Lenovo/.m2/repository/com/aventstack/extentreports/5.1.0/extentreports-5.1.0.jar!/com/aventstack/extentreports/templates/commons/commons-variables.ftl"
 2023-08-25 17:08:11,408 DEBUG [main] cache:45 - Couldn't find template in cache for "commons/commons-macros.ftl"("en_SG", UTF-8, parsed); will try to load it.
 2023-08-25 17:08:11,409 DEBUG [main] cache:45 - TemplateLoader.findTemplateSource("commons/commons-macros_en_SG.ftl"): Not found
 2023-08-25 17:08:11,411 DEBUG [main] cache:45 - TemplateLoader.findTemplateSource("commons/commons-macros_en.ftl"): Not found
 2023-08-25 17:08:11,413 DEBUG [main] cache:45 - TemplateLoader.findTemplateSource("commons/commons-macros.ftl"): Found
 2023-08-25 17:08:11,414 DEBUG [main] cache:45 - Loading template for "commons/commons-macros.ftl"("en_SG", UTF-8, parsed) from "jar:file:/C:/Users/Lenovo/.m2/repository/com/aventstack/extentreports/5.1.0/extentreports-5.1.0.jar!/com/aventstack/extentreports/templates/commons/commons-macros.ftl"
 2023-08-25 17:08:11,422 DEBUG [main] cache:45 - Couldn't find template in cache for "spark/macros/attributes.ftl"("en_SG", UTF-8, parsed); will try to load it.
 2023-08-25 17:08:11,423 DEBUG [main] cache:45 - TemplateLoader.findTemplateSource("spark/macros/attributes_en_SG.ftl"): Not found
 2023-08-25 17:08:11,424 DEBUG [main] cache:45 - TemplateLoader.findTemplateSource("spark/macros/attributes_en.ftl"): Not found
 2023-08-25 17:08:11,425 DEBUG [main] cache:45 - TemplateLoader.findTemplateSource("spark/macros/attributes.ftl"): Found
 2023-08-25 17:08:11,426 DEBUG [main] cache:45 - Loading template for "spark/macros/attributes.ftl"("en_SG", UTF-8, parsed) from "jar:file:/C:/Users/Lenovo/.m2/repository/com/aventstack/extentreports/5.1.0/extentreports-5.1.0.jar!/com/aventstack/extentreports/templates/spark/macros/attributes.ftl"
 2023-08-25 17:08:11,430 DEBUG [main] cache:45 - Couldn't find template in cache for "spark/macros/log.ftl"("en_SG", UTF-8, parsed); will try to load it.
 2023-08-25 17:08:11,431 DEBUG [main] cache:45 - TemplateLoader.findTemplateSource("spark/macros/log_en_SG.ftl"): Not found
 2023-08-25 17:08:11,433 DEBUG [main] cache:45 - TemplateLoader.findTemplateSource("spark/macros/log_en.ftl"): Not found
 2023-08-25 17:08:11,434 DEBUG [main] cache:45 - TemplateLoader.findTemplateSource("spark/macros/log.ftl"): Found
 2023-08-25 17:08:11,434 DEBUG [main] cache:45 - Loading template for "spark/macros/log.ftl"("en_SG", UTF-8, parsed) from "jar:file:/C:/Users/Lenovo/.m2/repository/com/aventstack/extentreports/5.1.0/extentreports-5.1.0.jar!/com/aventstack/extentreports/templates/spark/macros/log.ftl"
 2023-08-25 17:08:11,437 DEBUG [main] cache:45 - Couldn't find template in cache for "spark/macros/recurse_nodes.ftl"("en_SG", UTF-8, parsed); will try to load it.
 2023-08-25 17:08:11,438 DEBUG [main] cache:45 - TemplateLoader.findTemplateSource("spark/macros/recurse_nodes_en_SG.ftl"): Not found
 2023-08-25 17:08:11,439 DEBUG [main] cache:45 - TemplateLoader.findTemplateSource("spark/macros/recurse_nodes_en.ftl"): Not found
 2023-08-25 17:08:11,441 DEBUG [main] cache:45 - TemplateLoader.findTemplateSource("spark/macros/recurse_nodes.ftl"): Found
 2023-08-25 17:08:11,442 DEBUG [main] cache:45 - Loading template for "spark/macros/recurse_nodes.ftl"("en_SG", UTF-8, parsed) from "jar:file:/C:/Users/Lenovo/.m2/repository/com/aventstack/extentreports/5.1.0/extentreports-5.1.0.jar!/com/aventstack/extentreports/templates/spark/macros/recurse_nodes.ftl"
 2023-08-25 17:08:11,448 DEBUG [main] cache:45 - "spark/macros/log.ftl"("en_SG", UTF-8, parsed) cached copy not yet stale; using cached.
 2023-08-25 17:08:11,449 DEBUG [main] cache:45 - Couldn't find template in cache for "spark/macros/attr-common.ftl"("en_SG", UTF-8, parsed); will try to load it.
 2023-08-25 17:08:11,450 DEBUG [main] cache:45 - TemplateLoader.findTemplateSource("spark/macros/attr-common_en_SG.ftl"): Not found
 2023-08-25 17:08:11,451 DEBUG [main] cache:45 - TemplateLoader.findTemplateSource("spark/macros/attr-common_en.ftl"): Not found
 2023-08-25 17:08:11,452 DEBUG [main] cache:45 - TemplateLoader.findTemplateSource("spark/macros/attr-common.ftl"): Found
 2023-08-25 17:08:11,453 DEBUG [main] cache:45 - Loading template for "spark/macros/attr-common.ftl"("en_SG", UTF-8, parsed) from "jar:file:/C:/Users/Lenovo/.m2/repository/com/aventstack/extentreports/5.1.0/extentreports-5.1.0.jar!/com/aventstack/extentreports/templates/spark/macros/attr-common.ftl"
 2023-08-25 17:08:11,466 DEBUG [main] cache:45 - Couldn't find template in cache for "spark/partials/head.ftl"("en_SG", UTF-8, parsed); will try to load it.
 2023-08-25 17:08:11,468 DEBUG [main] cache:45 - TemplateLoader.findTemplateSource("spark/partials/head_en_SG.ftl"): Not found
 2023-08-25 17:08:11,469 DEBUG [main] cache:45 - TemplateLoader.findTemplateSource("spark/partials/head_en.ftl"): Not found
 2023-08-25 17:08:11,471 DEBUG [main] cache:45 - TemplateLoader.findTemplateSource("spark/partials/head.ftl"): Found
 2023-08-25 17:08:11,471 DEBUG [main] cache:45 - Loading template for "spark/partials/head.ftl"("en_SG", UTF-8, parsed) from "jar:file:/C:/Users/Lenovo/.m2/repository/com/aventstack/extentreports/5.1.0/extentreports-5.1.0.jar!/com/aventstack/extentreports/templates/spark/partials/head.ftl"
 2023-08-25 17:08:11,482 DEBUG [main] cache:45 - Couldn't find template in cache for "commons/commons-inject-css.ftl"("en_SG", UTF-8, parsed); will try to load it.
 2023-08-25 17:08:11,483 DEBUG [main] cache:45 - TemplateLoader.findTemplateSource("commons/commons-inject-css_en_SG.ftl"): Not found
 2023-08-25 17:08:11,484 DEBUG [main] cache:45 - TemplateLoader.findTemplateSource("commons/commons-inject-css_en.ftl"): Not found
 2023-08-25 17:08:11,485 DEBUG [main] cache:45 - TemplateLoader.findTemplateSource("commons/commons-inject-css.ftl"): Found
 2023-08-25 17:08:11,486 DEBUG [main] cache:45 - Loading template for "commons/commons-inject-css.ftl"("en_SG", UTF-8, parsed) from "jar:file:/C:/Users/Lenovo/.m2/repository/com/aventstack/extentreports/5.1.0/extentreports-5.1.0.jar!/com/aventstack/extentreports/templates/commons/commons-inject-css.ftl"
 2023-08-25 17:08:11,488 DEBUG [main] cache:45 - Couldn't find template in cache for "spark/partials/navbar.ftl"("en_SG", UTF-8, parsed); will try to load it.
 2023-08-25 17:08:11,490 DEBUG [main] cache:45 - TemplateLoader.findTemplateSource("spark/partials/navbar_en_SG.ftl"): Not found
 2023-08-25 17:08:11,491 DEBUG [main] cache:45 - TemplateLoader.findTemplateSource("spark/partials/navbar_en.ftl"): Not found
 2023-08-25 17:08:11,492 DEBUG [main] cache:45 - TemplateLoader.findTemplateSource("spark/partials/navbar.ftl"): Found
 2023-08-25 17:08:11,493 DEBUG [main] cache:45 - Loading template for "spark/partials/navbar.ftl"("en_SG", UTF-8, parsed) from "jar:file:/C:/Users/Lenovo/.m2/repository/com/aventstack/extentreports/5.1.0/extentreports-5.1.0.jar!/com/aventstack/extentreports/templates/spark/partials/navbar.ftl"
 2023-08-25 17:08:11,505 DEBUG [main] cache:45 - Couldn't find template in cache for "spark/partials/sidenav.ftl"("en_SG", UTF-8, parsed); will try to load it.
 2023-08-25 17:08:11,506 DEBUG [main] cache:45 - TemplateLoader.findTemplateSource("spark/partials/sidenav_en_SG.ftl"): Not found
 2023-08-25 17:08:11,508 DEBUG [main] cache:45 - TemplateLoader.findTemplateSource("spark/partials/sidenav_en.ftl"): Not found
 2023-08-25 17:08:11,509 DEBUG [main] cache:45 - TemplateLoader.findTemplateSource("spark/partials/sidenav.ftl"): Found
 2023-08-25 17:08:11,509 DEBUG [main] cache:45 - Loading template for "spark/partials/sidenav.ftl"("en_SG", UTF-8, parsed) from "jar:file:/C:/Users/Lenovo/.m2/repository/com/aventstack/extentreports/5.1.0/extentreports-5.1.0.jar!/com/aventstack/extentreports/templates/spark/partials/sidenav.ftl"
 2023-08-25 17:08:11,527 DEBUG [main] cache:45 - Couldn't find template in cache for "spark/partials/test.ftl"("en_SG", UTF-8, parsed); will try to load it.
 2023-08-25 17:08:11,529 DEBUG [main] cache:45 - TemplateLoader.findTemplateSource("spark/partials/test_en_SG.ftl"): Not found
 2023-08-25 17:08:11,530 DEBUG [main] cache:45 - TemplateLoader.findTemplateSource("spark/partials/test_en.ftl"): Not found
 2023-08-25 17:08:11,531 DEBUG [main] cache:45 - TemplateLoader.findTemplateSource("spark/partials/test.ftl"): Found
 2023-08-25 17:08:11,531 DEBUG [main] cache:45 - Loading template for "spark/partials/test.ftl"("en_SG", UTF-8, parsed) from "jar:file:/C:/Users/Lenovo/.m2/repository/com/aventstack/extentreports/5.1.0/extentreports-5.1.0.jar!/com/aventstack/extentreports/templates/spark/partials/test.ftl"
 2023-08-25 17:08:11,557 DEBUG [main] cache:45 - Couldn't find template in cache for "spark/partials/standard-content.ftl"("en_SG", UTF-8, parsed); will try to load it.
 2023-08-25 17:08:11,559 DEBUG [main] cache:45 - TemplateLoader.findTemplateSource("spark/partials/standard-content_en_SG.ftl"): Not found
 2023-08-25 17:08:11,561 DEBUG [main] cache:45 - TemplateLoader.findTemplateSource("spark/partials/standard-content_en.ftl"): Not found
 2023-08-25 17:08:11,563 DEBUG [main] cache:45 - TemplateLoader.findTemplateSource("spark/partials/standard-content.ftl"): Found
 2023-08-25 17:08:11,564 DEBUG [main] cache:45 - Loading template for "spark/partials/standard-content.ftl"("en_SG", UTF-8, parsed) from "jar:file:/C:/Users/Lenovo/.m2/repository/com/aventstack/extentreports/5.1.0/extentreports-5.1.0.jar!/com/aventstack/extentreports/templates/spark/partials/standard-content.ftl"
 2023-08-25 17:08:11,582 DEBUG [main] cache:45 - "spark/partials/standard-content.ftl"("en_SG", UTF-8, parsed) cached copy not yet stale; using cached.
 2023-08-25 17:08:11,584 DEBUG [main] cache:45 - "spark/partials/standard-content.ftl"("en_SG", UTF-8, parsed) cached copy not yet stale; using cached.
 2023-08-25 17:08:11,589 DEBUG [main] cache:45 - "spark/partials/standard-content.ftl"("en_SG", UTF-8, parsed) cached copy not yet stale; using cached.
 2023-08-25 17:08:11,591 DEBUG [main] cache:45 - Couldn't find template in cache for "spark/partials/exception.ftl"("en_SG", UTF-8, parsed); will try to load it.
 2023-08-25 17:08:11,593 DEBUG [main] cache:45 - TemplateLoader.findTemplateSource("spark/partials/exception_en_SG.ftl"): Not found
 2023-08-25 17:08:11,594 DEBUG [main] cache:45 - TemplateLoader.findTemplateSource("spark/partials/exception_en.ftl"): Not found
 2023-08-25 17:08:11,596 DEBUG [main] cache:45 - TemplateLoader.findTemplateSource("spark/partials/exception.ftl"): Found
 2023-08-25 17:08:11,596 DEBUG [main] cache:45 - Loading template for "spark/partials/exception.ftl"("en_SG", UTF-8, parsed) from "jar:file:/C:/Users/Lenovo/.m2/repository/com/aventstack/extentreports/5.1.0/extentreports-5.1.0.jar!/com/aventstack/extentreports/templates/spark/partials/exception.ftl"
 2023-08-25 17:08:11,599 DEBUG [main] cache:45 - Couldn't find template in cache for "spark/partials/category.ftl"("en_SG", UTF-8, parsed); will try to load it.
 2023-08-25 17:08:11,599 DEBUG [main] cache:45 - TemplateLoader.findTemplateSource("spark/partials/category_en_SG.ftl"): Not found
 2023-08-25 17:08:11,602 DEBUG [main] cache:45 - TemplateLoader.findTemplateSource("spark/partials/category_en.ftl"): Not found
 2023-08-25 17:08:11,604 DEBUG [main] cache:45 - TemplateLoader.findTemplateSource("spark/partials/category.ftl"): Found
 2023-08-25 17:08:11,605 DEBUG [main] cache:45 - Loading template for "spark/partials/category.ftl"("en_SG", UTF-8, parsed) from "jar:file:/C:/Users/Lenovo/.m2/repository/com/aventstack/extentreports/5.1.0/extentreports-5.1.0.jar!/com/aventstack/extentreports/templates/spark/partials/category.ftl"
 2023-08-25 17:08:11,607 DEBUG [main] cache:45 - Couldn't find template in cache for "spark/partials/device.ftl"("en_SG", UTF-8, parsed); will try to load it.
 2023-08-25 17:08:11,609 DEBUG [main] cache:45 - TemplateLoader.findTemplateSource("spark/partials/device_en_SG.ftl"): Not found
 2023-08-25 17:08:11,610 DEBUG [main] cache:45 - TemplateLoader.findTemplateSource("spark/partials/device_en.ftl"): Not found
 2023-08-25 17:08:11,611 DEBUG [main] cache:45 - TemplateLoader.findTemplateSource("spark/partials/device.ftl"): Found
 2023-08-25 17:08:11,611 DEBUG [main] cache:45 - Loading template for "spark/partials/device.ftl"("en_SG", UTF-8, parsed) from "jar:file:/C:/Users/Lenovo/.m2/repository/com/aventstack/extentreports/5.1.0/extentreports-5.1.0.jar!/com/aventstack/extentreports/templates/spark/partials/device.ftl"
 2023-08-25 17:08:11,613 DEBUG [main] cache:45 - Couldn't find template in cache for "spark/partials/author.ftl"("en_SG", UTF-8, parsed); will try to load it.
 2023-08-25 17:08:11,615 DEBUG [main] cache:45 - TemplateLoader.findTemplateSource("spark/partials/author_en_SG.ftl"): Not found
 2023-08-25 17:08:11,616 DEBUG [main] cache:45 - TemplateLoader.findTemplateSource("spark/partials/author_en.ftl"): Not found
 2023-08-25 17:08:11,616 DEBUG [main] cache:45 - TemplateLoader.findTemplateSource("spark/partials/author.ftl"): Found
 2023-08-25 17:08:11,617 DEBUG [main] cache:45 - Loading template for "spark/partials/author.ftl"("en_SG", UTF-8, parsed) from "jar:file:/C:/Users/Lenovo/.m2/repository/com/aventstack/extentreports/5.1.0/extentreports-5.1.0.jar!/com/aventstack/extentreports/templates/spark/partials/author.ftl"
 2023-08-25 17:08:11,620 DEBUG [main] cache:45 - Couldn't find template in cache for "spark/partials/log.ftl"("en_SG", UTF-8, parsed); will try to load it.
 2023-08-25 17:08:11,621 DEBUG [main] cache:45 - TemplateLoader.findTemplateSource("spark/partials/log_en_SG.ftl"): Not found
 2023-08-25 17:08:11,625 DEBUG [main] cache:45 - TemplateLoader.findTemplateSource("spark/partials/log_en.ftl"): Not found
 2023-08-25 17:08:11,626 DEBUG [main] cache:45 - TemplateLoader.findTemplateSource("spark/partials/log.ftl"): Found
 2023-08-25 17:08:11,627 DEBUG [main] cache:45 - Loading template for "spark/partials/log.ftl"("en_SG", UTF-8, parsed) from "jar:file:/C:/Users/Lenovo/.m2/repository/com/aventstack/extentreports/5.1.0/extentreports-5.1.0.jar!/com/aventstack/extentreports/templates/spark/partials/log.ftl"
 2023-08-25 17:08:11,629 DEBUG [main] cache:45 - Couldn't find template in cache for "spark/partials/dashboard.ftl"("en_SG", UTF-8, parsed); will try to load it.
 2023-08-25 17:08:11,631 DEBUG [main] cache:45 - TemplateLoader.findTemplateSource("spark/partials/dashboard_en_SG.ftl"): Not found
 2023-08-25 17:08:11,631 DEBUG [main] cache:45 - TemplateLoader.findTemplateSource("spark/partials/dashboard_en.ftl"): Not found
 2023-08-25 17:08:11,632 DEBUG [main] cache:45 - TemplateLoader.findTemplateSource("spark/partials/dashboard.ftl"): Found
 2023-08-25 17:08:11,633 DEBUG [main] cache:45 - Loading template for "spark/partials/dashboard.ftl"("en_SG", UTF-8, parsed) from "jar:file:/C:/Users/Lenovo/.m2/repository/com/aventstack/extentreports/5.1.0/extentreports-5.1.0.jar!/com/aventstack/extentreports/templates/spark/partials/dashboard.ftl"
 2023-08-25 17:08:11,698 DEBUG [main] cache:45 - Couldn't find template in cache for "spark/partials/scripts.ftl"("en_SG", UTF-8, parsed); will try to load it.
 2023-08-25 17:08:11,700 DEBUG [main] cache:45 - TemplateLoader.findTemplateSource("spark/partials/scripts_en_SG.ftl"): Not found
 2023-08-25 17:08:11,701 DEBUG [main] cache:45 - TemplateLoader.findTemplateSource("spark/partials/scripts_en.ftl"): Not found
 2023-08-25 17:08:11,702 DEBUG [main] cache:45 - TemplateLoader.findTemplateSource("spark/partials/scripts.ftl"): Found
 2023-08-25 17:08:11,703 DEBUG [main] cache:45 - Loading template for "spark/partials/scripts.ftl"("en_SG", UTF-8, parsed) from "jar:file:/C:/Users/Lenovo/.m2/repository/com/aventstack/extentreports/5.1.0/extentreports-5.1.0.jar!/com/aventstack/extentreports/templates/spark/partials/scripts.ftl"
 2023-08-25 17:08:11,706 DEBUG [main] cache:45 - Couldn't find template in cache for "commons/commons-inject-js.ftl"("en_SG", UTF-8, parsed); will try to load it.
 2023-08-25 17:08:11,707 DEBUG [main] cache:45 - TemplateLoader.findTemplateSource("commons/commons-inject-js_en_SG.ftl"): Not found
 2023-08-25 17:08:11,708 DEBUG [main] cache:45 - TemplateLoader.findTemplateSource("commons/commons-inject-js_en.ftl"): Not found
 2023-08-25 17:08:11,709 DEBUG [main] cache:45 - TemplateLoader.findTemplateSource("commons/commons-inject-js.ftl"): Found
 2023-08-25 17:08:11,710 DEBUG [main] cache:45 - Loading template for "commons/commons-inject-js.ftl"("en_SG", UTF-8, parsed) from "jar:file:/C:/Users/Lenovo/.m2/repository/com/aventstack/extentreports/5.1.0/extentreports-5.1.0.jar!/com/aventstack/extentreports/templates/commons/commons-inject-js.ftl"
 2023-08-25 17:24:14,008  INFO [main] Set Up Completed:60 - Set Up Ended
 2023-08-25 17:24:14,128  INFO [main] AddNewCustomer:63 - AddNewCustomerTest Started
 2023-08-25 17:24:29,422  INFO [main] Set Up Completed:60 - Set Up Ended
 2023-08-25 17:24:32,185  INFO [main] EditNewCustomer:123 - EditCustomer Started
 2023-08-25 17:24:46,097  INFO [main] Set Up Completed:60 - Set Up Ended
 2023-08-25 17:24:46,110  INFO [main] Add Account:18 - Account add started
 2023-08-25 17:24:48,679  INFO [main] nullAdd Account:27 - Add Accout link not found
 2023-08-25 17:24:58,139  INFO [main] Set Up Completed:60 - Set Up Ended
 2023-08-25 17:24:58,145  INFO [main] Edit Account:48 - Edit account started
 2023-08-25 17:25:14,226 DEBUG [main] cache:45 - Couldn't find template in cache for "spark/spark.spa.ftl"("en_SG", UTF-8, parsed); will try to load it.
 2023-08-25 17:25:14,228 DEBUG [main] cache:45 - TemplateLoader.findTemplateSource("spark/spark.spa_en_SG.ftl"): Not found
 2023-08-25 17:25:14,231 DEBUG [main] cache:45 - TemplateLoader.findTemplateSource("spark/spark.spa_en.ftl"): Not found
 2023-08-25 17:25:14,234 DEBUG [main] cache:45 - TemplateLoader.findTemplateSource("spark/spark.spa.ftl"): Found
 2023-08-25 17:25:14,236 DEBUG [main] cache:45 - Loading template for "spark/spark.spa.ftl"("en_SG", UTF-8, parsed) from "jar:file:/C:/Users/Lenovo/.m2/repository/com/aventstack/extentreports/5.1.0/extentreports-5.1.0.jar!/com/aventstack/extentreports/templates/spark/spark.spa.ftl"
 2023-08-25 17:25:14,356 DEBUG [main] cache:45 - Couldn't find template in cache for "commons/commons-variables.ftl"("en_SG", UTF-8, parsed); will try to load it.
 2023-08-25 17:25:14,358 DEBUG [main] cache:45 - TemplateLoader.findTemplateSource("commons/commons-variables_en_SG.ftl"): Not found
 2023-08-25 17:25:14,361 DEBUG [main] cache:45 - TemplateLoader.findTemplateSource("commons/commons-variables_en.ftl"): Not found
 2023-08-25 17:25:14,362 DEBUG [main] cache:45 - TemplateLoader.findTemplateSource("commons/commons-variables.ftl"): Found
 2023-08-25 17:25:14,363 DEBUG [main] cache:45 - Loading template for "commons/commons-variables.ftl"("en_SG", UTF-8, parsed) from "jar:file:/C:/Users/Lenovo/.m2/repository/com/aventstack/extentreports/5.1.0/extentreports-5.1.0.jar!/com/aventstack/extentreports/templates/commons/commons-variables.ftl"
 2023-08-25 17:25:14,589 DEBUG [main] cache:45 - Couldn't find template in cache for "commons/commons-macros.ftl"("en_SG", UTF-8, parsed); will try to load it.
 2023-08-25 17:25:14,591 DEBUG [main] cache:45 - TemplateLoader.findTemplateSource("commons/commons-macros_en_SG.ftl"): Not found
 2023-08-25 17:25:14,593 DEBUG [main] cache:45 - TemplateLoader.findTemplateSource("commons/commons-macros_en.ftl"): Not found
 2023-08-25 17:25:14,595 DEBUG [main] cache:45 - TemplateLoader.findTemplateSource("commons/commons-macros.ftl"): Found
 2023-08-25 17:25:14,596 DEBUG [main] cache:45 - Loading template for "commons/commons-macros.ftl"("en_SG", UTF-8, parsed) from "jar:file:/C:/Users/Lenovo/.m2/repository/com/aventstack/extentreports/5.1.0/extentreports-5.1.0.jar!/com/aventstack/extentreports/templates/commons/commons-macros.ftl"
 2023-08-25 17:25:14,613 DEBUG [main] cache:45 - Couldn't find template in cache for "spark/macros/attributes.ftl"("en_SG", UTF-8, parsed); will try to load it.
 2023-08-25 17:25:14,614 DEBUG [main] cache:45 - TemplateLoader.findTemplateSource("spark/macros/attributes_en_SG.ftl"): Not found
 2023-08-25 17:25:14,616 DEBUG [main] cache:45 - TemplateLoader.findTemplateSource("spark/macros/attributes_en.ftl"): Not found
 2023-08-25 17:25:14,618 DEBUG [main] cache:45 - TemplateLoader.findTemplateSource("spark/macros/attributes.ftl"): Found
 2023-08-25 17:25:14,619 DEBUG [main] cache:45 - Loading template for "spark/macros/attributes.ftl"("en_SG", UTF-8, parsed) from "jar:file:/C:/Users/Lenovo/.m2/repository/com/aventstack/extentreports/5.1.0/extentreports-5.1.0.jar!/com/aventstack/extentreports/templates/spark/macros/attributes.ftl"
 2023-08-25 17:25:14,623 DEBUG [main] cache:45 - Couldn't find template in cache for "spark/macros/log.ftl"("en_SG", UTF-8, parsed); will try to load it.
 2023-08-25 17:25:14,625 DEBUG [main] cache:45 - TemplateLoader.findTemplateSource("spark/macros/log_en_SG.ftl"): Not found
 2023-08-25 17:25:14,627 DEBUG [main] cache:45 - TemplateLoader.findTemplateSource("spark/macros/log_en.ftl"): Not found
 2023-08-25 17:25:14,629 DEBUG [main] cache:45 - TemplateLoader.findTemplateSource("spark/macros/log.ftl"): Found
 2023-08-25 17:25:14,630 DEBUG [main] cache:45 - Loading template for "spark/macros/log.ftl"("en_SG", UTF-8, parsed) from "jar:file:/C:/Users/Lenovo/.m2/repository/com/aventstack/extentreports/5.1.0/extentreports-5.1.0.jar!/com/aventstack/extentreports/templates/spark/macros/log.ftl"
 2023-08-25 17:25:14,634 DEBUG [main] cache:45 - Couldn't find template in cache for "spark/macros/recurse_nodes.ftl"("en_SG", UTF-8, parsed); will try to load it.
 2023-08-25 17:25:14,636 DEBUG [main] cache:45 - TemplateLoader.findTemplateSource("spark/macros/recurse_nodes_en_SG.ftl"): Not found
 2023-08-25 17:25:14,638 DEBUG [main] cache:45 - TemplateLoader.findTemplateSource("spark/macros/recurse_nodes_en.ftl"): Not found
 2023-08-25 17:25:14,640 DEBUG [main] cache:45 - TemplateLoader.findTemplateSource("spark/macros/recurse_nodes.ftl"): Found
 2023-08-25 17:25:14,641 DEBUG [main] cache:45 - Loading template for "spark/macros/recurse_nodes.ftl"("en_SG", UTF-8, parsed) from "jar:file:/C:/Users/Lenovo/.m2/repository/com/aventstack/extentreports/5.1.0/extentreports-5.1.0.jar!/com/aventstack/extentreports/templates/spark/macros/recurse_nodes.ftl"
 2023-08-25 17:25:14,647 DEBUG [main] cache:45 - "spark/macros/log.ftl"("en_SG", UTF-8, parsed) cached copy not yet stale; using cached.
 2023-08-25 17:25:14,648 DEBUG [main] cache:45 - Couldn't find template in cache for "spark/macros/attr-common.ftl"("en_SG", UTF-8, parsed); will try to load it.
 2023-08-25 17:25:14,651 DEBUG [main] cache:45 - TemplateLoader.findTemplateSource("spark/macros/attr-common_en_SG.ftl"): Not found
 2023-08-25 17:25:14,653 DEBUG [main] cache:45 - TemplateLoader.findTemplateSource("spark/macros/attr-common_en.ftl"): Not found
 2023-08-25 17:25:14,654 DEBUG [main] cache:45 - TemplateLoader.findTemplateSource("spark/macros/attr-common.ftl"): Found
 2023-08-25 17:25:14,655 DEBUG [main] cache:45 - Loading template for "spark/macros/attr-common.ftl"("en_SG", UTF-8, parsed) from "jar:file:/C:/Users/Lenovo/.m2/repository/com/aventstack/extentreports/5.1.0/extentreports-5.1.0.jar!/com/aventstack/extentreports/templates/spark/macros/attr-common.ftl"
 2023-08-25 17:25:14,671 DEBUG [main] cache:45 - Couldn't find template in cache for "spark/partials/head.ftl"("en_SG", UTF-8, parsed); will try to load it.
 2023-08-25 17:25:14,673 DEBUG [main] cache:45 - TemplateLoader.findTemplateSource("spark/partials/head_en_SG.ftl"): Not found
 2023-08-25 17:25:14,674 DEBUG [main] cache:45 - TemplateLoader.findTemplateSource("spark/partials/head_en.ftl"): Not found
 2023-08-25 17:25:14,676 DEBUG [main] cache:45 - TemplateLoader.findTemplateSource("spark/partials/head.ftl"): Found
 2023-08-25 17:25:14,677 DEBUG [main] cache:45 - Loading template for "spark/partials/head.ftl"("en_SG", UTF-8, parsed) from "jar:file:/C:/Users/Lenovo/.m2/repository/com/aventstack/extentreports/5.1.0/extentreports-5.1.0.jar!/com/aventstack/extentreports/templates/spark/partials/head.ftl"
 2023-08-25 17:25:14,684 DEBUG [main] cache:45 - Couldn't find template in cache for "commons/commons-inject-css.ftl"("en_SG", UTF-8, parsed); will try to load it.
 2023-08-25 17:25:14,686 DEBUG [main] cache:45 - TemplateLoader.findTemplateSource("commons/commons-inject-css_en_SG.ftl"): Not found
 2023-08-25 17:25:14,687 DEBUG [main] cache:45 - TemplateLoader.findTemplateSource("commons/commons-inject-css_en.ftl"): Not found
 2023-08-25 17:25:14,689 DEBUG [main] cache:45 - TemplateLoader.findTemplateSource("commons/commons-inject-css.ftl"): Found
 2023-08-25 17:25:14,690 DEBUG [main] cache:45 - Loading template for "commons/commons-inject-css.ftl"("en_SG", UTF-8, parsed) from "jar:file:/C:/Users/Lenovo/.m2/repository/com/aventstack/extentreports/5.1.0/extentreports-5.1.0.jar!/com/aventstack/extentreports/templates/commons/commons-inject-css.ftl"
 2023-08-25 17:25:14,693 DEBUG [main] cache:45 - Couldn't find template in cache for "spark/partials/navbar.ftl"("en_SG", UTF-8, parsed); will try to load it.
 2023-08-25 17:25:14,695 DEBUG [main] cache:45 - TemplateLoader.findTemplateSource("spark/partials/navbar_en_SG.ftl"): Not found
 2023-08-25 17:25:14,697 DEBUG [main] cache:45 - TemplateLoader.findTemplateSource("spark/partials/navbar_en.ftl"): Not found
 2023-08-25 17:25:14,700 DEBUG [main] cache:45 - TemplateLoader.findTemplateSource("spark/partials/navbar.ftl"): Found
 2023-08-25 17:25:14,701 DEBUG [main] cache:45 - Loading template for "spark/partials/navbar.ftl"("en_SG", UTF-8, parsed) from "jar:file:/C:/Users/Lenovo/.m2/repository/com/aventstack/extentreports/5.1.0/extentreports-5.1.0.jar!/com/aventstack/extentreports/templates/spark/partials/navbar.ftl"
 2023-08-25 17:25:14,740 DEBUG [main] cache:45 - Couldn't find template in cache for "spark/partials/sidenav.ftl"("en_SG", UTF-8, parsed); will try to load it.
 2023-08-25 17:25:14,742 DEBUG [main] cache:45 - TemplateLoader.findTemplateSource("spark/partials/sidenav_en_SG.ftl"): Not found
 2023-08-25 17:25:14,744 DEBUG [main] cache:45 - TemplateLoader.findTemplateSource("spark/partials/sidenav_en.ftl"): Not found
 2023-08-25 17:25:14,745 DEBUG [main] cache:45 - TemplateLoader.findTemplateSource("spark/partials/sidenav.ftl"): Found
 2023-08-25 17:25:14,746 DEBUG [main] cache:45 - Loading template for "spark/partials/sidenav.ftl"("en_SG", UTF-8, parsed) from "jar:file:/C:/Users/Lenovo/.m2/repository/com/aventstack/extentreports/5.1.0/extentreports-5.1.0.jar!/com/aventstack/extentreports/templates/spark/partials/sidenav.ftl"
 2023-08-25 17:25:14,770 DEBUG [main] cache:45 - Couldn't find template in cache for "spark/partials/test.ftl"("en_SG", UTF-8, parsed); will try to load it.
 2023-08-25 17:25:14,771 DEBUG [main] cache:45 - TemplateLoader.findTemplateSource("spark/partials/test_en_SG.ftl"): Not found
 2023-08-25 17:25:14,773 DEBUG [main] cache:45 - TemplateLoader.findTemplateSource("spark/partials/test_en.ftl"): Not found
 2023-08-25 17:25:14,775 DEBUG [main] cache:45 - TemplateLoader.findTemplateSource("spark/partials/test.ftl"): Found
 2023-08-25 17:25:14,776 DEBUG [main] cache:45 - Loading template for "spark/partials/test.ftl"("en_SG", UTF-8, parsed) from "jar:file:/C:/Users/Lenovo/.m2/repository/com/aventstack/extentreports/5.1.0/extentreports-5.1.0.jar!/com/aventstack/extentreports/templates/spark/partials/test.ftl"
 2023-08-25 17:25:14,799 DEBUG [main] cache:45 - Couldn't find template in cache for "spark/partials/standard-content.ftl"("en_SG", UTF-8, parsed); will try to load it.
 2023-08-25 17:25:14,801 DEBUG [main] cache:45 - TemplateLoader.findTemplateSource("spark/partials/standard-content_en_SG.ftl"): Not found
 2023-08-25 17:25:14,803 DEBUG [main] cache:45 - TemplateLoader.findTemplateSource("spark/partials/standard-content_en.ftl"): Not found
 2023-08-25 17:25:14,805 DEBUG [main] cache:45 - TemplateLoader.findTemplateSource("spark/partials/standard-content.ftl"): Found
 2023-08-25 17:25:14,806 DEBUG [main] cache:45 - Loading template for "spark/partials/standard-content.ftl"("en_SG", UTF-8, parsed) from "jar:file:/C:/Users/Lenovo/.m2/repository/com/aventstack/extentreports/5.1.0/extentreports-5.1.0.jar!/com/aventstack/extentreports/templates/spark/partials/standard-content.ftl"
 2023-08-25 17:25:14,824 DEBUG [main] cache:45 - "spark/partials/standard-content.ftl"("en_SG", UTF-8, parsed) cached copy not yet stale; using cached.
 2023-08-25 17:25:14,827 DEBUG [main] cache:45 - "spark/partials/standard-content.ftl"("en_SG", UTF-8, parsed) cached copy not yet stale; using cached.
 2023-08-25 17:25:14,831 DEBUG [main] cache:45 - "spark/partials/standard-content.ftl"("en_SG", UTF-8, parsed) cached copy not yet stale; using cached.
 2023-08-25 17:25:14,834 DEBUG [main] cache:45 - Couldn't find template in cache for "spark/partials/exception.ftl"("en_SG", UTF-8, parsed); will try to load it.
 2023-08-25 17:25:14,836 DEBUG [main] cache:45 - TemplateLoader.findTemplateSource("spark/partials/exception_en_SG.ftl"): Not found
 2023-08-25 17:25:14,838 DEBUG [main] cache:45 - TemplateLoader.findTemplateSource("spark/partials/exception_en.ftl"): Not found
 2023-08-25 17:25:14,840 DEBUG [main] cache:45 - TemplateLoader.findTemplateSource("spark/partials/exception.ftl"): Found
 2023-08-25 17:25:14,841 DEBUG [main] cache:45 - Loading template for "spark/partials/exception.ftl"("en_SG", UTF-8, parsed) from "jar:file:/C:/Users/Lenovo/.m2/repository/com/aventstack/extentreports/5.1.0/extentreports-5.1.0.jar!/com/aventstack/extentreports/templates/spark/partials/exception.ftl"
 2023-08-25 17:25:14,843 DEBUG [main] cache:45 - Couldn't find template in cache for "spark/partials/category.ftl"("en_SG", UTF-8, parsed); will try to load it.
 2023-08-25 17:25:14,845 DEBUG [main] cache:45 - TemplateLoader.findTemplateSource("spark/partials/category_en_SG.ftl"): Not found
 2023-08-25 17:25:14,846 DEBUG [main] cache:45 - TemplateLoader.findTemplateSource("spark/partials/category_en.ftl"): Not found
 2023-08-25 17:25:14,847 DEBUG [main] cache:45 - TemplateLoader.findTemplateSource("spark/partials/category.ftl"): Found
 2023-08-25 17:25:14,849 DEBUG [main] cache:45 - Loading template for "spark/partials/category.ftl"("en_SG", UTF-8, parsed) from "jar:file:/C:/Users/Lenovo/.m2/repository/com/aventstack/extentreports/5.1.0/extentreports-5.1.0.jar!/com/aventstack/extentreports/templates/spark/partials/category.ftl"
 2023-08-25 17:25:14,852 DEBUG [main] cache:45 - Couldn't find template in cache for "spark/partials/device.ftl"("en_SG", UTF-8, parsed); will try to load it.
 2023-08-25 17:25:14,854 DEBUG [main] cache:45 - TemplateLoader.findTemplateSource("spark/partials/device_en_SG.ftl"): Not found
 2023-08-25 17:25:14,856 DEBUG [main] cache:45 - TemplateLoader.findTemplateSource("spark/partials/device_en.ftl"): Not found
 2023-08-25 17:25:14,857 DEBUG [main] cache:45 - TemplateLoader.findTemplateSource("spark/partials/device.ftl"): Found
 2023-08-25 17:25:14,858 DEBUG [main] cache:45 - Loading template for "spark/partials/device.ftl"("en_SG", UTF-8, parsed) from "jar:file:/C:/Users/Lenovo/.m2/repository/com/aventstack/extentreports/5.1.0/extentreports-5.1.0.jar!/com/aventstack/extentreports/templates/spark/partials/device.ftl"
 2023-08-25 17:25:14,861 DEBUG [main] cache:45 - Couldn't find template in cache for "spark/partials/author.ftl"("en_SG", UTF-8, parsed); will try to load it.
 2023-08-25 17:25:14,862 DEBUG [main] cache:45 - TemplateLoader.findTemplateSource("spark/partials/author_en_SG.ftl"): Not found
 2023-08-25 17:25:14,863 DEBUG [main] cache:45 - TemplateLoader.findTemplateSource("spark/partials/author_en.ftl"): Not found
 2023-08-25 17:25:14,865 DEBUG [main] cache:45 - TemplateLoader.findTemplateSource("spark/partials/author.ftl"): Found
 2023-08-25 17:25:14,866 DEBUG [main] cache:45 - Loading template for "spark/partials/author.ftl"("en_SG", UTF-8, parsed) from "jar:file:/C:/Users/Lenovo/.m2/repository/com/aventstack/extentreports/5.1.0/extentreports-5.1.0.jar!/com/aventstack/extentreports/templates/spark/partials/author.ftl"
 2023-08-25 17:25:14,869 DEBUG [main] cache:45 - Couldn't find template in cache for "spark/partials/log.ftl"("en_SG", UTF-8, parsed); will try to load it.
 2023-08-25 17:25:14,870 DEBUG [main] cache:45 - TemplateLoader.findTemplateSource("spark/partials/log_en_SG.ftl"): Not found
 2023-08-25 17:25:14,872 DEBUG [main] cache:45 - TemplateLoader.findTemplateSource("spark/partials/log_en.ftl"): Not found
 2023-08-25 17:25:14,873 DEBUG [main] cache:45 - TemplateLoader.findTemplateSource("spark/partials/log.ftl"): Found
 2023-08-25 17:25:14,874 DEBUG [main] cache:45 - Loading template for "spark/partials/log.ftl"("en_SG", UTF-8, parsed) from "jar:file:/C:/Users/Lenovo/.m2/repository/com/aventstack/extentreports/5.1.0/extentreports-5.1.0.jar!/com/aventstack/extentreports/templates/spark/partials/log.ftl"
 2023-08-25 17:25:14,877 DEBUG [main] cache:45 - Couldn't find template in cache for "spark/partials/dashboard.ftl"("en_SG", UTF-8, parsed); will try to load it.
 2023-08-25 17:25:14,879 DEBUG [main] cache:45 - TemplateLoader.findTemplateSource("spark/partials/dashboard_en_SG.ftl"): Not found
 2023-08-25 17:25:14,880 DEBUG [main] cache:45 - TemplateLoader.findTemplateSource("spark/partials/dashboard_en.ftl"): Not found
 2023-08-25 17:25:14,883 DEBUG [main] cache:45 - TemplateLoader.findTemplateSource("spark/partials/dashboard.ftl"): Found
 2023-08-25 17:25:14,884 DEBUG [main] cache:45 - Loading template for "spark/partials/dashboard.ftl"("en_SG", UTF-8, parsed) from "jar:file:/C:/Users/Lenovo/.m2/repository/com/aventstack/extentreports/5.1.0/extentreports-5.1.0.jar!/com/aventstack/extentreports/templates/spark/partials/dashboard.ftl"
 2023-08-25 17:25:14,989 DEBUG [main] cache:45 - Couldn't find template in cache for "spark/partials/scripts.ftl"("en_SG", UTF-8, parsed); will try to load it.
 2023-08-25 17:25:14,991 DEBUG [main] cache:45 - TemplateLoader.findTemplateSource("spark/partials/scripts_en_SG.ftl"): Not found
 2023-08-25 17:25:14,993 DEBUG [main] cache:45 - TemplateLoader.findTemplateSource("spark/partials/scripts_en.ftl"): Not found
 2023-08-25 17:25:14,995 DEBUG [main] cache:45 - TemplateLoader.findTemplateSource("spark/partials/scripts.ftl"): Found
 2023-08-25 17:25:14,996 DEBUG [main] cache:45 - Loading template for "spark/partials/scripts.ftl"("en_SG", UTF-8, parsed) from "jar:file:/C:/Users/Lenovo/.m2/repository/com/aventstack/extentreports/5.1.0/extentreports-5.1.0.jar!/com/aventstack/extentreports/templates/spark/partials/scripts.ftl"
 2023-08-25 17:25:15,000 DEBUG [main] cache:45 - Couldn't find template in cache for "commons/commons-inject-js.ftl"("en_SG", UTF-8, parsed); will try to load it.
 2023-08-25 17:25:15,001 DEBUG [main] cache:45 - TemplateLoader.findTemplateSource("commons/commons-inject-js_en_SG.ftl"): Not found
 2023-08-25 17:25:15,003 DEBUG [main] cache:45 - TemplateLoader.findTemplateSource("commons/commons-inject-js_en.ftl"): Not found
 2023-08-25 17:25:15,005 DEBUG [main] cache:45 - TemplateLoader.findTemplateSource("commons/commons-inject-js.ftl"): Found
 2023-08-25 17:25:15,006 DEBUG [main] cache:45 - Loading template for "commons/commons-inject-js.ftl"("en_SG", UTF-8, parsed) from "jar:file:/C:/Users/Lenovo/.m2/repository/com/aventstack/extentreports/5.1.0/extentreports-5.1.0.jar!/com/aventstack/extentreports/templates/commons/commons-inject-js.ftl"
 